<?xml version="1.0" encoding="UTF-8"?>
<!-- Generated by org.testng.reporters.JUnitXMLReporter -->
<testsuite ignored="2" hostname="LAPTOP-CFN001HV" failures="1" tests="1" name="My_Test_Suite(failed)" time="11.52" errors="0" timestamp="2023-12-12T19:42:43 IST">
  <testcase classname="testCases.Test_Shopping_Cart_3" name="test_verify_Open_Menu_Clickable" time="0.243">
    <failure type="java.lang.AssertionError" message="expected [] but found [All Items]">
      <![CDATA[java.lang.AssertionError: expected [] but found [All Items]
at testCases.Test_Shopping_Cart_3.test_verify_Open_Menu_Clickable(Test_Shopping_Cart_3.java:72)
at java.base/java.util.ArrayList.forEach(ArrayList.java:1511)
... Removed 33 stack frames]]>
    </failure>
  </testcase> <!-- test_verify_Open_Menu_Clickable -->
  <testcase classname="testCases.Test_Shopping_Cart_3" name="test_verify_Your_Cart_Label" time="0.0">
    <ignored/>
  </testcase> <!-- test_verify_Your_Cart_Label -->
  <testcase classname="testCases.Test_Shopping_Cart_3" name="test_verify_cart_Quantity_Label" time="0.0">
    <ignored/>
  </testcase> <!-- test_verify_cart_Quantity_Label -->
</testsuite> <!-- My_Test_Suite(failed) -->
