<?xml version="1.0" encoding="UTF-8"?>
<!-- Generated by org.testng.reporters.JUnitXMLReporter -->
<testsuite ignored="0" hostname="LAPTOP-CFN001HV" failures="1" tests="11" name="My_Test_Suite" time="115.882" errors="0" timestamp="2023-12-12T19:40:51 IST">
  <testcase classname="testCases.Test_Checkout_Your_Information_4" name="test_verify_Checkout_Info_Title" time="0.102"/>
  <testcase classname="testCases.Test_Checkout_Your_Information_4" name="test_verify_Swag_Labs_Title" time="0.034"/>
  <testcase classname="testCases.Test_Inventory_Page_2" name="test_verifyproductsLabel" time="0.048"/>
  <testcase classname="testCases.Test_Inventory_Page_2" name="test_verifytwitterLogo" time="0.049"/>
  <testcase classname="testCases.Test_Inventory_Page_2" name="test_verifyfacebookLogo" time="0.065"/>
  <testcase classname="testCases.Test_Shopping_Cart_3" name="test_verify_cart_Quantity_Label" time="0.05"/>
  <testcase classname="testCases.Test_Shopping_Cart_3" name="test_verify_Your_Cart_Label" time="0.072"/>
  <testcase classname="testCases.Test_Shopping_Cart_3" name="test_verify_Open_Menu_Clickable" time="0.24">
    <failure type="java.lang.AssertionError" message="expected [] but found [All Items]">
      <![CDATA[java.lang.AssertionError: expected [] but found [All Items]
at testCases.Test_Shopping_Cart_3.test_verify_Open_Menu_Clickable(Test_Shopping_Cart_3.java:72)
at java.base/java.util.ArrayList.forEach(ArrayList.java:1511)
... Removed 33 stack frames]]>
    </failure>
  </testcase> <!-- test_verify_Open_Menu_Clickable -->
  <testcase classname="testCases.Test_LoginPage_1" name="verifyURLOfApplicationTest" time="4.997"/>
  <testcase classname="testCases.Test_LoginPage_1" name="loginIntoApplicationTest" time="1.018"/>
  <testcase classname="testCases.Test_LoginPage_1" name="verifyTitleofApplicationTest" time="0.097"/>
</testsuite> <!-- My_Test_Suite -->
